{"C:\\Users\\kolob\\Desktop\\Projects\\stellar-burger\\src\\reducers\\rootReducer.ts": {"path":"C:\\Users\\kolob\\Desktop\\Projects\\stellar-burger\\src\\reducers\\rootReducer.ts","statementMap":{"0":{"start":{"line":9,"column":20},"end":{"line":16,"column":2}}},"fnMap":{},"branchMap":{},"s":{"0":1},"f":{},"b":{},"_coverageSchema":"1a1c01bbd47fc00a2c39e90264f33305004495a9","hash":"3f302464c2c6dd048660e91fff16345fa826a548"}
,"C:\\Users\\kolob\\Desktop\\Projects\\stellar-burger\\src\\services\\store.ts": {"path":"C:\\Users\\kolob\\Desktop\\Projects\\stellar-burger\\src\\services\\store.ts","statementMap":{"0":{"start":{"line":10,"column":14},"end":{"line":13,"column":2}},"1":{"start":{"line":19,"column":46},"end":{"line":19,"column":66}},"2":{"start":{"line":19,"column":52},"end":{"line":19,"column":66}},"3":{"start":{"line":20,"column":60},"end":{"line":20,"column":72}}},"fnMap":{"0":{"name":"(anonymous_0)","decl":{"start":{"line":19,"column":46},"end":{"line":19,"column":47}},"loc":{"start":{"line":19,"column":52},"end":{"line":19,"column":66}},"line":19}},"branchMap":{},"s":{"0":0,"1":0,"2":0,"3":0},"f":{"0":0},"b":{}}
,"C:\\Users\\kolob\\Desktop\\Projects\\stellar-burger\\src\\services\\thunks.ts": {"path":"C:\\Users\\kolob\\Desktop\\Projects\\stellar-burger\\src\\services\\thunks.ts","statementMap":{"0":{"start":{"line":19,"column":31},"end":{"line":22,"column":1}},"1":{"start":{"line":21,"column":14},"end":{"line":21,"column":33}},"2":{"start":{"line":24,"column":29},"end":{"line":26,"column":1}},"3":{"start":{"line":25,"column":2},"end":{"line":25,"column":14}},"4":{"start":{"line":28,"column":28},"end":{"line":36,"column":1}},"5":{"start":{"line":31,"column":16},"end":{"line":31,"column":43}},"6":{"start":{"line":32,"column":4},"end":{"line":32,"column":46}},"7":{"start":{"line":33,"column":4},"end":{"line":33,"column":59}},"8":{"start":{"line":34,"column":4},"end":{"line":34,"column":15}},"9":{"start":{"line":38,"column":26},"end":{"line":41,"column":1}},"10":{"start":{"line":40,"column":42},"end":{"line":40,"column":61}},"11":{"start":{"line":43,"column":25},"end":{"line":51,"column":1}},"12":{"start":{"line":46,"column":16},"end":{"line":46,"column":40}},"13":{"start":{"line":47,"column":4},"end":{"line":47,"column":46}},"14":{"start":{"line":48,"column":4},"end":{"line":48,"column":59}},"15":{"start":{"line":49,"column":4},"end":{"line":49,"column":15}},"16":{"start":{"line":53,"column":26},"end":{"line":57,"column":2}},"17":{"start":{"line":54,"column":2},"end":{"line":54,"column":20}},"18":{"start":{"line":55,"column":2},"end":{"line":55,"column":30}},"19":{"start":{"line":56,"column":2},"end":{"line":56,"column":42}},"20":{"start":{"line":59,"column":24},"end":{"line":62,"column":1}},"21":{"start":{"line":61,"column":14},"end":{"line":61,"column":33}},"22":{"start":{"line":64,"column":25},"end":{"line":67,"column":1}},"23":{"start":{"line":66,"column":14},"end":{"line":66,"column":34}},"24":{"start":{"line":69,"column":25},"end":{"line":72,"column":1}},"25":{"start":{"line":71,"column":28},"end":{"line":71,"column":48}},"26":{"start":{"line":74,"column":24},"end":{"line":80,"column":1}},"27":{"start":{"line":77,"column":4},"end":{"line":77,"column":31}},"28":{"start":{"line":78,"column":4},"end":{"line":78,"column":39}}},"fnMap":{"0":{"name":"(anonymous_0)","decl":{"start":{"line":21,"column":2},"end":{"line":21,"column":3}},"loc":{"start":{"line":21,"column":14},"end":{"line":21,"column":33}},"line":21},"1":{"name":"(anonymous_1)","decl":{"start":{"line":24,"column":64},"end":{"line":24,"column":65}},"loc":{"start":{"line":25,"column":2},"end":{"line":25,"column":14}},"line":25},"2":{"name":"(anonymous_2)","decl":{"start":{"line":30,"column":2},"end":{"line":30,"column":3}},"loc":{"start":{"line":30,"column":33},"end":{"line":35,"column":3}},"line":30},"3":{"name":"(anonymous_3)","decl":{"start":{"line":40,"column":2},"end":{"line":40,"column":3}},"loc":{"start":{"line":40,"column":42},"end":{"line":40,"column":61}},"line":40},"4":{"name":"(anonymous_4)","decl":{"start":{"line":45,"column":2},"end":{"line":45,"column":3}},"loc":{"start":{"line":45,"column":30},"end":{"line":50,"column":3}},"line":45},"5":{"name":"(anonymous_5)","decl":{"start":{"line":53,"column":62},"end":{"line":53,"column":63}},"loc":{"start":{"line":53,"column":74},"end":{"line":57,"column":1}},"line":53},"6":{"name":"(anonymous_6)","decl":{"start":{"line":61,"column":2},"end":{"line":61,"column":3}},"loc":{"start":{"line":61,"column":14},"end":{"line":61,"column":33}},"line":61},"7":{"name":"(anonymous_7)","decl":{"start":{"line":66,"column":2},"end":{"line":66,"column":3}},"loc":{"start":{"line":66,"column":14},"end":{"line":66,"column":34}},"line":66},"8":{"name":"(anonymous_8)","decl":{"start":{"line":71,"column":2},"end":{"line":71,"column":3}},"loc":{"start":{"line":71,"column":28},"end":{"line":71,"column":48}},"line":71},"9":{"name":"(anonymous_9)","decl":{"start":{"line":76,"column":2},"end":{"line":76,"column":3}},"loc":{"start":{"line":76,"column":42},"end":{"line":79,"column":3}},"line":76}},"branchMap":{},"s":{"0":6,"1":0,"2":6,"3":0,"4":6,"5":0,"6":0,"7":0,"8":0,"9":6,"10":0,"11":6,"12":0,"13":0,"14":0,"15":0,"16":6,"17":0,"18":0,"19":0,"20":6,"21":0,"22":6,"23":0,"24":6,"25":0,"26":6,"27":0,"28":0},"f":{"0":0,"1":0,"2":0,"3":0,"4":0,"5":0,"6":0,"7":0,"8":0,"9":0},"b":{},"_coverageSchema":"1a1c01bbd47fc00a2c39e90264f33305004495a9","hash":"096b679c8363cf8b8b4c778d04e1347f7e3717d4"}
,"C:\\Users\\kolob\\Desktop\\Projects\\stellar-burger\\src\\services\\slices\\burgerConstructorSlice.ts": {"path":"C:\\Users\\kolob\\Desktop\\Projects\\stellar-burger\\src\\services\\slices\\burgerConstructorSlice.ts","statementMap":{"0":{"start":{"line":10,"column":39},"end":{"line":13,"column":1}},"1":{"start":{"line":15,"column":38},"end":{"line":58,"column":2}},"2":{"start":{"line":21,"column":8},"end":{"line":25,"column":9}},"3":{"start":{"line":22,"column":10},"end":{"line":22,"column":37}},"4":{"start":{"line":24,"column":10},"end":{"line":24,"column":43}},"5":{"start":{"line":27,"column":39},"end":{"line":29,"column":7}},"6":{"start":{"line":35,"column":6},"end":{"line":35,"column":80}},"7":{"start":{"line":35,"column":49},"end":{"line":35,"column":78}},"8":{"start":{"line":38,"column":6},"end":{"line":41,"column":8}},"9":{"start":{"line":44,"column":6},"end":{"line":47,"column":8}},"10":{"start":{"line":50,"column":6},"end":{"line":50,"column":23}},"11":{"start":{"line":51,"column":6},"end":{"line":51,"column":23}},"12":{"start":{"line":55,"column":46},"end":{"line":55,"column":55}},"13":{"start":{"line":56,"column":48},"end":{"line":56,"column":59}},"14":{"start":{"line":66,"column":4},"end":{"line":66,"column":34}},"15":{"start":{"line":68,"column":41},"end":{"line":68,"column":73}}},"fnMap":{"0":{"name":"(anonymous_0)","decl":{"start":{"line":20,"column":15},"end":{"line":20,"column":16}},"loc":{"start":{"line":20,"column":73},"end":{"line":26,"column":7}},"line":20},"1":{"name":"(anonymous_1)","decl":{"start":{"line":27,"column":15},"end":{"line":27,"column":16}},"loc":{"start":{"line":27,"column":39},"end":{"line":29,"column":7}},"line":27},"2":{"name":"(anonymous_2)","decl":{"start":{"line":31,"column":4},"end":{"line":31,"column":5}},"loc":{"start":{"line":34,"column":6},"end":{"line":36,"column":5}},"line":34},"3":{"name":"(anonymous_3)","decl":{"start":{"line":35,"column":39},"end":{"line":35,"column":40}},"loc":{"start":{"line":35,"column":49},"end":{"line":35,"column":78}},"line":35},"4":{"name":"(anonymous_4)","decl":{"start":{"line":37,"column":4},"end":{"line":37,"column":5}},"loc":{"start":{"line":37,"column":53},"end":{"line":42,"column":5}},"line":37},"5":{"name":"(anonymous_5)","decl":{"start":{"line":43,"column":4},"end":{"line":43,"column":5}},"loc":{"start":{"line":43,"column":55},"end":{"line":48,"column":5}},"line":43},"6":{"name":"(anonymous_6)","decl":{"start":{"line":49,"column":4},"end":{"line":49,"column":5}},"loc":{"start":{"line":49,"column":22},"end":{"line":52,"column":5}},"line":49},"7":{"name":"(anonymous_7)","decl":{"start":{"line":55,"column":17},"end":{"line":55,"column":18}},"loc":{"start":{"line":55,"column":46},"end":{"line":55,"column":55}},"line":55},"8":{"name":"(anonymous_8)","decl":{"start":{"line":56,"column":19},"end":{"line":56,"column":20}},"loc":{"start":{"line":56,"column":48},"end":{"line":56,"column":59}},"line":56}},"branchMap":{"0":{"loc":{"start":{"line":21,"column":8},"end":{"line":25,"column":9}},"type":"if","locations":[{"start":{"line":21,"column":8},"end":{"line":25,"column":9}},{"start":{"line":23,"column":15},"end":{"line":25,"column":9}}],"line":21}},"s":{"0":2,"1":2,"2":2,"3":1,"4":1,"5":2,"6":1,"7":3,"8":1,"9":1,"10":0,"11":0,"12":0,"13":0,"14":2,"15":2},"f":{"0":2,"1":2,"2":1,"3":3,"4":1,"5":1,"6":0,"7":0,"8":0},"b":{"0":[1,1]},"_coverageSchema":"1a1c01bbd47fc00a2c39e90264f33305004495a9","hash":"cb3a07f2dd32bd724e5b067128bc58e5c7eb44c0"}
,"C:\\Users\\kolob\\Desktop\\Projects\\stellar-burger\\src\\services\\slices\\feedSlice.ts": {"path":"C:\\Users\\kolob\\Desktop\\Projects\\stellar-burger\\src\\services\\slices\\feedSlice.ts","statementMap":{"0":{"start":{"line":13,"column":39},"end":{"line":19,"column":1}},"1":{"start":{"line":21,"column":25},"end":{"line":50,"column":2}},"2":{"start":{"line":26,"column":4},"end":{"line":43,"column":8}},"3":{"start":{"line":28,"column":8},"end":{"line":28,"column":45}},"4":{"start":{"line":31,"column":8},"end":{"line":31,"column":46}},"5":{"start":{"line":32,"column":8},"end":{"line":32,"column":43}},"6":{"start":{"line":37,"column":10},"end":{"line":37,"column":47}},"7":{"start":{"line":38,"column":10},"end":{"line":38,"column":47}},"8":{"start":{"line":39,"column":10},"end":{"line":39,"column":45}},"9":{"start":{"line":40,"column":10},"end":{"line":40,"column":55}},"10":{"start":{"line":41,"column":10},"end":{"line":41,"column":34}},"11":{"start":{"line":46,"column":42},"end":{"line":46,"column":54}},"12":{"start":{"line":47,"column":41},"end":{"line":47,"column":52}},"13":{"start":{"line":48,"column":46},"end":{"line":48,"column":62}},"14":{"start":{"line":53,"column":2},"end":{"line":53,"column":21}}},"fnMap":{"0":{"name":"(anonymous_0)","decl":{"start":{"line":25,"column":17},"end":{"line":25,"column":18}},"loc":{"start":{"line":25,"column":30},"end":{"line":44,"column":3}},"line":25},"1":{"name":"(anonymous_1)","decl":{"start":{"line":27,"column":33},"end":{"line":27,"column":34}},"loc":{"start":{"line":27,"column":44},"end":{"line":29,"column":7}},"line":27},"2":{"name":"(anonymous_2)","decl":{"start":{"line":30,"column":34},"end":{"line":30,"column":35}},"loc":{"start":{"line":30,"column":53},"end":{"line":33,"column":7}},"line":30},"3":{"name":"(anonymous_3)","decl":{"start":{"line":36,"column":8},"end":{"line":36,"column":9}},"loc":{"start":{"line":36,"column":55},"end":{"line":42,"column":9}},"line":36},"4":{"name":"(anonymous_4)","decl":{"start":{"line":46,"column":20},"end":{"line":46,"column":21}},"loc":{"start":{"line":46,"column":42},"end":{"line":46,"column":54}},"line":46},"5":{"name":"(anonymous_5)","decl":{"start":{"line":47,"column":19},"end":{"line":47,"column":20}},"loc":{"start":{"line":47,"column":41},"end":{"line":47,"column":52}},"line":47},"6":{"name":"(anonymous_6)","decl":{"start":{"line":48,"column":24},"end":{"line":48,"column":25}},"loc":{"start":{"line":48,"column":46},"end":{"line":48,"column":62}},"line":48}},"branchMap":{},"s":{"0":2,"1":2,"2":2,"3":1,"4":1,"5":1,"6":1,"7":1,"8":1,"9":1,"10":1,"11":0,"12":0,"13":0,"14":2},"f":{"0":2,"1":1,"2":1,"3":1,"4":0,"5":0,"6":0},"b":{},"_coverageSchema":"1a1c01bbd47fc00a2c39e90264f33305004495a9","hash":"04e8b9cd9f5d38fe5ae4cbb85afb7e94c387ce55"}
,"C:\\Users\\kolob\\Desktop\\Projects\\stellar-burger\\src\\services\\slices\\ingredientsSlice.ts": {"path":"C:\\Users\\kolob\\Desktop\\Projects\\stellar-burger\\src\\services\\slices\\ingredientsSlice.ts","statementMap":{"0":{"start":{"line":11,"column":46},"end":{"line":15,"column":1}},"1":{"start":{"line":17,"column":32},"end":{"line":43,"column":2}},"2":{"start":{"line":22,"column":4},"end":{"line":37,"column":8}},"3":{"start":{"line":24,"column":8},"end":{"line":24,"column":45}},"4":{"start":{"line":27,"column":8},"end":{"line":27,"column":46}},"5":{"start":{"line":28,"column":8},"end":{"line":28,"column":43}},"6":{"start":{"line":33,"column":10},"end":{"line":33,"column":47}},"7":{"start":{"line":34,"column":10},"end":{"line":34,"column":45}},"8":{"start":{"line":35,"column":10},"end":{"line":35,"column":34}},"9":{"start":{"line":40,"column":58},"end":{"line":40,"column":75}},"10":{"start":{"line":41,"column":60},"end":{"line":41,"column":72}},"11":{"start":{"line":45,"column":35},"end":{"line":45,"column":61}}},"fnMap":{"0":{"name":"(anonymous_0)","decl":{"start":{"line":21,"column":17},"end":{"line":21,"column":18}},"loc":{"start":{"line":21,"column":30},"end":{"line":38,"column":3}},"line":21},"1":{"name":"(anonymous_1)","decl":{"start":{"line":23,"column":40},"end":{"line":23,"column":41}},"loc":{"start":{"line":23,"column":51},"end":{"line":25,"column":7}},"line":23},"2":{"name":"(anonymous_2)","decl":{"start":{"line":26,"column":41},"end":{"line":26,"column":42}},"loc":{"start":{"line":26,"column":60},"end":{"line":29,"column":7}},"line":26},"3":{"name":"(anonymous_3)","decl":{"start":{"line":32,"column":8},"end":{"line":32,"column":9}},"loc":{"start":{"line":32,"column":57},"end":{"line":36,"column":9}},"line":32},"4":{"name":"(anonymous_4)","decl":{"start":{"line":40,"column":29},"end":{"line":40,"column":30}},"loc":{"start":{"line":40,"column":58},"end":{"line":40,"column":75}},"line":40},"5":{"name":"(anonymous_5)","decl":{"start":{"line":41,"column":31},"end":{"line":41,"column":32}},"loc":{"start":{"line":41,"column":60},"end":{"line":41,"column":72}},"line":41}},"branchMap":{},"s":{"0":2,"1":2,"2":2,"3":1,"4":1,"5":1,"6":1,"7":1,"8":1,"9":0,"10":0,"11":2},"f":{"0":2,"1":1,"2":1,"3":1,"4":0,"5":0},"b":{},"_coverageSchema":"1a1c01bbd47fc00a2c39e90264f33305004495a9","hash":"b19f254ecf2226191faeb8db85dd96832275a9dd"}
,"C:\\Users\\kolob\\Desktop\\Projects\\stellar-burger\\src\\services\\slices\\orderSlice.ts": {"path":"C:\\Users\\kolob\\Desktop\\Projects\\stellar-burger\\src\\services\\slices\\orderSlice.ts","statementMap":{"0":{"start":{"line":12,"column":40},"end":{"line":17,"column":1}},"1":{"start":{"line":19,"column":26},"end":{"line":67,"column":2}},"2":{"start":{"line":24,"column":6},"end":{"line":24,"column":25}},"3":{"start":{"line":25,"column":6},"end":{"line":25,"column":22}},"4":{"start":{"line":26,"column":6},"end":{"line":26,"column":40}},"5":{"start":{"line":27,"column":6},"end":{"line":27,"column":30}},"6":{"start":{"line":31,"column":4},"end":{"line":60,"column":8}},"7":{"start":{"line":33,"column":8},"end":{"line":33,"column":45}},"8":{"start":{"line":36,"column":8},"end":{"line":36,"column":46}},"9":{"start":{"line":37,"column":8},"end":{"line":37,"column":43}},"10":{"start":{"line":42,"column":10},"end":{"line":42,"column":47}},"11":{"start":{"line":43,"column":10},"end":{"line":43,"column":45}},"12":{"start":{"line":44,"column":10},"end":{"line":44,"column":43}},"13":{"start":{"line":48,"column":8},"end":{"line":48,"column":45}},"14":{"start":{"line":51,"column":8},"end":{"line":51,"column":46}},"15":{"start":{"line":52,"column":8},"end":{"line":52,"column":43}},"16":{"start":{"line":57,"column":10},"end":{"line":57,"column":47}},"17":{"start":{"line":58,"column":10},"end":{"line":58,"column":49}},"18":{"start":{"line":63,"column":42},"end":{"line":63,"column":53}},"19":{"start":{"line":64,"column":48},"end":{"line":64,"column":60}},"20":{"start":{"line":65,"column":46},"end":{"line":65,"column":56}},"21":{"start":{"line":70,"column":2},"end":{"line":70,"column":22}},"22":{"start":{"line":72,"column":34},"end":{"line":72,"column":52}}},"fnMap":{"0":{"name":"(anonymous_0)","decl":{"start":{"line":23,"column":4},"end":{"line":23,"column":5}},"loc":{"start":{"line":23,"column":26},"end":{"line":28,"column":5}},"line":23},"1":{"name":"(anonymous_1)","decl":{"start":{"line":30,"column":17},"end":{"line":30,"column":18}},"loc":{"start":{"line":30,"column":30},"end":{"line":61,"column":3}},"line":30},"2":{"name":"(anonymous_2)","decl":{"start":{"line":32,"column":34},"end":{"line":32,"column":35}},"loc":{"start":{"line":32,"column":45},"end":{"line":34,"column":7}},"line":32},"3":{"name":"(anonymous_3)","decl":{"start":{"line":35,"column":35},"end":{"line":35,"column":36}},"loc":{"start":{"line":35,"column":54},"end":{"line":38,"column":7}},"line":35},"4":{"name":"(anonymous_4)","decl":{"start":{"line":41,"column":8},"end":{"line":41,"column":9}},"loc":{"start":{"line":41,"column":75},"end":{"line":45,"column":9}},"line":41},"5":{"name":"(anonymous_5)","decl":{"start":{"line":47,"column":33},"end":{"line":47,"column":34}},"loc":{"start":{"line":47,"column":44},"end":{"line":49,"column":7}},"line":47},"6":{"name":"(anonymous_6)","decl":{"start":{"line":50,"column":34},"end":{"line":50,"column":35}},"loc":{"start":{"line":50,"column":53},"end":{"line":53,"column":7}},"line":50},"7":{"name":"(anonymous_7)","decl":{"start":{"line":56,"column":8},"end":{"line":56,"column":9}},"loc":{"start":{"line":56,"column":64},"end":{"line":59,"column":9}},"line":56},"8":{"name":"(anonymous_8)","decl":{"start":{"line":63,"column":19},"end":{"line":63,"column":20}},"loc":{"start":{"line":63,"column":42},"end":{"line":63,"column":53}},"line":63},"9":{"name":"(anonymous_9)","decl":{"start":{"line":64,"column":25},"end":{"line":64,"column":26}},"loc":{"start":{"line":64,"column":48},"end":{"line":64,"column":60}},"line":64},"10":{"name":"(anonymous_10)","decl":{"start":{"line":65,"column":23},"end":{"line":65,"column":24}},"loc":{"start":{"line":65,"column":46},"end":{"line":65,"column":56}},"line":65}},"branchMap":{},"s":{"0":6,"1":6,"2":1,"3":1,"4":1,"5":1,"6":2,"7":1,"8":1,"9":1,"10":1,"11":1,"12":1,"13":1,"14":1,"15":1,"16":1,"17":1,"18":0,"19":0,"20":0,"21":6,"22":6},"f":{"0":1,"1":2,"2":1,"3":1,"4":1,"5":1,"6":1,"7":1,"8":0,"9":0,"10":0},"b":{},"_coverageSchema":"1a1c01bbd47fc00a2c39e90264f33305004495a9","hash":"8816e01ea51a27a9ea332d4661502c5e77474f52"}
,"C:\\Users\\kolob\\Desktop\\Projects\\stellar-burger\\src\\services\\slices\\ordersSlice.ts": {"path":"C:\\Users\\kolob\\Desktop\\Projects\\stellar-burger\\src\\services\\slices\\ordersSlice.ts","statementMap":{"0":{"start":{"line":11,"column":41},"end":{"line":15,"column":1}},"1":{"start":{"line":17,"column":27},"end":{"line":41,"column":2}},"2":{"start":{"line":22,"column":4},"end":{"line":36,"column":8}},"3":{"start":{"line":24,"column":8},"end":{"line":24,"column":45}},"4":{"start":{"line":27,"column":8},"end":{"line":27,"column":46}},"5":{"start":{"line":28,"column":8},"end":{"line":28,"column":43}},"6":{"start":{"line":33,"column":10},"end":{"line":33,"column":47}},"7":{"start":{"line":34,"column":10},"end":{"line":34,"column":40}},"8":{"start":{"line":39,"column":44},"end":{"line":39,"column":56}},"9":{"start":{"line":43,"column":34},"end":{"line":43,"column":55}}},"fnMap":{"0":{"name":"(anonymous_0)","decl":{"start":{"line":21,"column":17},"end":{"line":21,"column":18}},"loc":{"start":{"line":21,"column":30},"end":{"line":37,"column":3}},"line":21},"1":{"name":"(anonymous_1)","decl":{"start":{"line":23,"column":34},"end":{"line":23,"column":35}},"loc":{"start":{"line":23,"column":45},"end":{"line":25,"column":7}},"line":23},"2":{"name":"(anonymous_2)","decl":{"start":{"line":26,"column":35},"end":{"line":26,"column":36}},"loc":{"start":{"line":26,"column":54},"end":{"line":29,"column":7}},"line":26},"3":{"name":"(anonymous_3)","decl":{"start":{"line":32,"column":8},"end":{"line":32,"column":9}},"loc":{"start":{"line":32,"column":52},"end":{"line":35,"column":9}},"line":32},"4":{"name":"(anonymous_4)","decl":{"start":{"line":39,"column":20},"end":{"line":39,"column":21}},"loc":{"start":{"line":39,"column":44},"end":{"line":39,"column":56}},"line":39}},"branchMap":{},"s":{"0":2,"1":2,"2":2,"3":1,"4":1,"5":1,"6":1,"7":1,"8":0,"9":2},"f":{"0":2,"1":1,"2":1,"3":1,"4":0},"b":{},"_coverageSchema":"1a1c01bbd47fc00a2c39e90264f33305004495a9","hash":"daff2491ed66a22c08fe680f4082738096e8a0d9"}
,"C:\\Users\\kolob\\Desktop\\Projects\\stellar-burger\\src\\services\\slices\\userSlice.ts": {"path":"C:\\Users\\kolob\\Desktop\\Projects\\stellar-burger\\src\\services\\slices\\userSlice.ts","statementMap":{"0":{"start":{"line":12,"column":39},"end":{"line":17,"column":1}},"1":{"start":{"line":19,"column":25},"end":{"line":81,"column":2}},"2":{"start":{"line":24,"column":6},"end":{"line":24,"column":33}},"3":{"start":{"line":27,"column":6},"end":{"line":27,"column":24}},"4":{"start":{"line":31,"column":4},"end":{"line":75,"column":9}},"5":{"start":{"line":33,"column":8},"end":{"line":33,"column":45}},"6":{"start":{"line":36,"column":8},"end":{"line":36,"column":46}},"7":{"start":{"line":37,"column":8},"end":{"line":37,"column":43}},"8":{"start":{"line":40,"column":8},"end":{"line":40,"column":45}},"9":{"start":{"line":41,"column":8},"end":{"line":41,"column":41}},"10":{"start":{"line":44,"column":8},"end":{"line":44,"column":45}},"11":{"start":{"line":47,"column":8},"end":{"line":47,"column":46}},"12":{"start":{"line":48,"column":8},"end":{"line":48,"column":43}},"13":{"start":{"line":51,"column":8},"end":{"line":51,"column":45}},"14":{"start":{"line":52,"column":8},"end":{"line":52,"column":41}},"15":{"start":{"line":55,"column":8},"end":{"line":55,"column":45}},"16":{"start":{"line":58,"column":8},"end":{"line":58,"column":46}},"17":{"start":{"line":59,"column":8},"end":{"line":59,"column":43}},"18":{"start":{"line":62,"column":8},"end":{"line":62,"column":45}},"19":{"start":{"line":63,"column":8},"end":{"line":63,"column":41}},"20":{"start":{"line":66,"column":8},"end":{"line":66,"column":45}},"21":{"start":{"line":69,"column":8},"end":{"line":69,"column":46}},"22":{"start":{"line":70,"column":8},"end":{"line":70,"column":43}},"23":{"start":{"line":73,"column":8},"end":{"line":73,"column":45}},"24":{"start":{"line":74,"column":8},"end":{"line":74,"column":41}},"25":{"start":{"line":78,"column":49},"end":{"line":78,"column":68}},"26":{"start":{"line":79,"column":44},"end":{"line":79,"column":54}},"27":{"start":{"line":83,"column":29},"end":{"line":83,"column":48}},"28":{"start":{"line":84,"column":27},"end":{"line":84,"column":44}}},"fnMap":{"0":{"name":"(anonymous_0)","decl":{"start":{"line":23,"column":17},"end":{"line":23,"column":18}},"loc":{"start":{"line":23,"column":28},"end":{"line":25,"column":5}},"line":23},"1":{"name":"(anonymous_1)","decl":{"start":{"line":26,"column":19},"end":{"line":26,"column":20}},"loc":{"start":{"line":26,"column":30},"end":{"line":28,"column":5}},"line":26},"2":{"name":"(anonymous_2)","decl":{"start":{"line":30,"column":17},"end":{"line":30,"column":18}},"loc":{"start":{"line":30,"column":30},"end":{"line":76,"column":3}},"line":30},"3":{"name":"(anonymous_3)","decl":{"start":{"line":32,"column":38},"end":{"line":32,"column":39}},"loc":{"start":{"line":32,"column":49},"end":{"line":34,"column":7}},"line":32},"4":{"name":"(anonymous_4)","decl":{"start":{"line":35,"column":39},"end":{"line":35,"column":40}},"loc":{"start":{"line":35,"column":58},"end":{"line":38,"column":7}},"line":35},"5":{"name":"(anonymous_5)","decl":{"start":{"line":39,"column":40},"end":{"line":39,"column":41}},"loc":{"start":{"line":39,"column":59},"end":{"line":42,"column":7}},"line":39},"6":{"name":"(anonymous_6)","decl":{"start":{"line":43,"column":37},"end":{"line":43,"column":38}},"loc":{"start":{"line":43,"column":48},"end":{"line":45,"column":7}},"line":43},"7":{"name":"(anonymous_7)","decl":{"start":{"line":46,"column":38},"end":{"line":46,"column":39}},"loc":{"start":{"line":46,"column":57},"end":{"line":49,"column":7}},"line":46},"8":{"name":"(anonymous_8)","decl":{"start":{"line":50,"column":39},"end":{"line":50,"column":40}},"loc":{"start":{"line":50,"column":58},"end":{"line":53,"column":7}},"line":50},"9":{"name":"(anonymous_9)","decl":{"start":{"line":54,"column":34},"end":{"line":54,"column":35}},"loc":{"start":{"line":54,"column":45},"end":{"line":56,"column":7}},"line":54},"10":{"name":"(anonymous_10)","decl":{"start":{"line":57,"column":35},"end":{"line":57,"column":36}},"loc":{"start":{"line":57,"column":54},"end":{"line":60,"column":7}},"line":57},"11":{"name":"(anonymous_11)","decl":{"start":{"line":61,"column":36},"end":{"line":61,"column":37}},"loc":{"start":{"line":61,"column":55},"end":{"line":64,"column":7}},"line":61},"12":{"name":"(anonymous_12)","decl":{"start":{"line":65,"column":35},"end":{"line":65,"column":36}},"loc":{"start":{"line":65,"column":46},"end":{"line":67,"column":7}},"line":65},"13":{"name":"(anonymous_13)","decl":{"start":{"line":68,"column":36},"end":{"line":68,"column":37}},"loc":{"start":{"line":68,"column":55},"end":{"line":71,"column":7}},"line":68},"14":{"name":"(anonymous_14)","decl":{"start":{"line":72,"column":37},"end":{"line":72,"column":38}},"loc":{"start":{"line":72,"column":56},"end":{"line":75,"column":7}},"line":72},"15":{"name":"(anonymous_15)","decl":{"start":{"line":78,"column":27},"end":{"line":78,"column":28}},"loc":{"start":{"line":78,"column":49},"end":{"line":78,"column":68}},"line":78},"16":{"name":"(anonymous_16)","decl":{"start":{"line":79,"column":22},"end":{"line":79,"column":23}},"loc":{"start":{"line":79,"column":44},"end":{"line":79,"column":54}},"line":79}},"branchMap":{},"s":{"0":2,"1":2,"2":1,"3":1,"4":2,"5":1,"6":1,"7":1,"8":1,"9":1,"10":1,"11":1,"12":1,"13":1,"14":1,"15":1,"16":1,"17":1,"18":1,"19":1,"20":1,"21":1,"22":1,"23":1,"24":1,"25":0,"26":0,"27":2,"28":2},"f":{"0":1,"1":1,"2":2,"3":1,"4":1,"5":1,"6":1,"7":1,"8":1,"9":1,"10":1,"11":1,"12":1,"13":1,"14":1,"15":0,"16":0},"b":{},"_coverageSchema":"1a1c01bbd47fc00a2c39e90264f33305004495a9","hash":"f30980a7af296f7e6cbd814a1e6f1fa799500733"}
}
